# SSL/TLS secrets log file, generated by jSSLKeyLog
SERVER_HANDSHAKE_TRAFFIC_SECRET 366dd93c14f286e5ee019188fc9a37b81278f713921dfb900b5160e3c0363934 f2fb23eb2ebadf5603f2e43c561be838c74b46b8d65c832cbe6455519ad0d7a87bb84534e5a71cf53b0ce11c0d0f75aa
CLIENT_HANDSHAKE_TRAFFIC_SECRET 366dd93c14f286e5ee019188fc9a37b81278f713921dfb900b5160e3c0363934 554dffd511d89a3d5b64f418b718ab63bff4dda8e0849a3e7b46cd77eba349d5bbf0af8727beaea82df8169cf2b58919
SERVER_TRAFFIC_SECRET_0 366dd93c14f286e5ee019188fc9a37b81278f713921dfb900b5160e3c0363934 e69b8799ed4d707f56cd95fa7a3e316da2c823be7523d8e62ba21ce9785fa2a810d7ca81a4af3f68df9ea507da8559aa
CLIENT_TRAFFIC_SECRET_0 366dd93c14f286e5ee019188fc9a37b81278f713921dfb900b5160e3c0363934 028091c6bdb5f8b24554b0c1e14a41bc727cbd72ca1bd4a39780d710b02af7315eb2b75e8ec19ccbf2ec7891c90cfab2
SERVER_HANDSHAKE_TRAFFIC_SECRET 1b82eba645499a5ef0bc735a3cf70acbe7139005c78b2a6679c80e0323b31a43 3e24a1f25e63c1f099aab49aa16f3e949a7d99606f5be46dd41711c45e2ff321b9fa8a4b41fde6c9e08116ddc0cfbe4b
CLIENT_HANDSHAKE_TRAFFIC_SECRET 1b82eba645499a5ef0bc735a3cf70acbe7139005c78b2a6679c80e0323b31a43 6ad783b678e2f070ff505fd99d501a352f665e38908a8440fde910a3dde30221835f9db44b1ede1a69277739a3ec611d
SERVER_TRAFFIC_SECRET_0 1b82eba645499a5ef0bc735a3cf70acbe7139005c78b2a6679c80e0323b31a43 e93fc6969732ae82a29ba8d4605cfe1ecc1ad392ea5eeba0f7e611487fe11b82efb669b386680cdc8b14021af6c47a07
CLIENT_TRAFFIC_SECRET_0 1b82eba645499a5ef0bc735a3cf70acbe7139005c78b2a6679c80e0323b31a43 b8fcaa1025cd5635e50db76d5cac25aedf01d05fe3792f71c72803a1389bd2023031ff972fc1620778cb35434df0b1e2
SERVER_HANDSHAKE_TRAFFIC_SECRET bfe628c8844a9b0efe21ea7829a4f1f1f8f27deff74cd078320fd2417ee7beac 6cf4c4a057aa3dd74365e036fa5807ed0bb739c1f78ab56eb1915849a29e96585fec0d8acbe3f2a78347fcec3e33b50b
CLIENT_HANDSHAKE_TRAFFIC_SECRET bfe628c8844a9b0efe21ea7829a4f1f1f8f27deff74cd078320fd2417ee7beac 3b3f69f508338e7c185e3c915509845db9cea209c839d5940ff132c0daf0f3d0e926da1c3cb907d1540c291d54d105a6
SERVER_TRAFFIC_SECRET_0 bfe628c8844a9b0efe21ea7829a4f1f1f8f27deff74cd078320fd2417ee7beac 604a7f3cc260b155475b4ad01d2632163f4853569879ed5e5faaf770611bf0d161cc29bc4afbaf511ac8f2715b050fee
CLIENT_TRAFFIC_SECRET_0 bfe628c8844a9b0efe21ea7829a4f1f1f8f27deff74cd078320fd2417ee7beac fc440af2982c12aa3251c46899c032bbbc78af879a0ec149c6fee387880d8524902fce549ddbaab1a8031506517f63ce
SERVER_HANDSHAKE_TRAFFIC_SECRET fa93c9cf1e9455a042b5ae5ec8ff462dc7f2b430fba6c8daf993be5a4685f1ad afe152946bb9b59eb2f39ee482fd2a38d82b70ed01b1ea3f4dbe805138f79555c5da9a67ae79f8f5204f4a1605c35586
CLIENT_HANDSHAKE_TRAFFIC_SECRET fa93c9cf1e9455a042b5ae5ec8ff462dc7f2b430fba6c8daf993be5a4685f1ad d2e59dffd2bd364f06c0cefa9f1023dc8200e5d4d964e0f9d2eaa40d6ed2c9c36e434ef2c3b2e28651d8369d4416c2f3
SERVER_TRAFFIC_SECRET_0 fa93c9cf1e9455a042b5ae5ec8ff462dc7f2b430fba6c8daf993be5a4685f1ad 42510eacde00cfcc2ee7b0de15ef4632ee96f82b931e3fdbb3a32a46a2d5b68a8f13f83afab43486f73480e1251ab81a
CLIENT_TRAFFIC_SECRET_0 fa93c9cf1e9455a042b5ae5ec8ff462dc7f2b430fba6c8daf993be5a4685f1ad 4e55911ed3a1626b3df7503d1d61f435cb91875c863498d92a0f4eb7f0c98b86cc3813ff322433dd46a4251a25e861c1
SERVER_HANDSHAKE_TRAFFIC_SECRET c198239331d2633053b77ec1a48a7137c206bd5cbfca57915295f5914c327c1d 61648fac44315885b27852ffc7b43cd624862088b832e9f62b4bbd5346d34d77308c421e2a93ad29f9175a17894d8d78
CLIENT_HANDSHAKE_TRAFFIC_SECRET c198239331d2633053b77ec1a48a7137c206bd5cbfca57915295f5914c327c1d f334fb42914474dd902ae6c0ae3bd66aa1808ae0db2777facc06afb24ffaaa7f9cc258e208e7d026b09ca05a4b5954b1
SERVER_TRAFFIC_SECRET_0 c198239331d2633053b77ec1a48a7137c206bd5cbfca57915295f5914c327c1d 40f2a493666d1fbefcb1fc7efb9ae6fa8e8af747fbd2461621cdb397b2fc11ddca5a6408542d77d3f1bae50543b1c7aa
CLIENT_TRAFFIC_SECRET_0 c198239331d2633053b77ec1a48a7137c206bd5cbfca57915295f5914c327c1d f9067a103d539a835335db26b22da00db239dded0edd2f55ffe681a8842d9e1164bc8153558f86f6f107e397414dfa3c
SERVER_HANDSHAKE_TRAFFIC_SECRET 2d76acea580877efcc30c44efed56cd602e1601b362d0c0611a2de93b5b92539 50c7dd9724b7b866a7302a5147b95a19f2f5f0a1bf95d93b08ee2ed21823bd27d60dc7b62d5cc0c0a28f91bd6eebb0be
CLIENT_HANDSHAKE_TRAFFIC_SECRET 2d76acea580877efcc30c44efed56cd602e1601b362d0c0611a2de93b5b92539 45ebd470d6ac97b40eb6848cc17c538044a44cdd513b1097fbe072538fb2ae491159c9d3634d87d3a95ed974975c1983
SERVER_TRAFFIC_SECRET_0 2d76acea580877efcc30c44efed56cd602e1601b362d0c0611a2de93b5b92539 66b6c92e3a6f9a3a490c184275167e0ef383ee9f3e1c0416bcb6ee122744fa4ce385c45a3f3b1864f062ee74ae5cf6cc
CLIENT_TRAFFIC_SECRET_0 2d76acea580877efcc30c44efed56cd602e1601b362d0c0611a2de93b5b92539 8d09492ceaa7d1757a194d1f3eff68fa97f58932f12ee58c99a14c20d26457466bbf3613610b8bfd8257fdac13a637ff
SERVER_HANDSHAKE_TRAFFIC_SECRET 10ab2fac8bfdac2446f7bf7574b6c3c2786c9e486f1bd9109797baea567cef38 24d1c2c85a8e1ce2acda59f47acef172c48276d100cf9124a4bd3bbd2639c729abb3c6538fe53f757f69e653ce31817e
CLIENT_HANDSHAKE_TRAFFIC_SECRET 10ab2fac8bfdac2446f7bf7574b6c3c2786c9e486f1bd9109797baea567cef38 79841489950c1add9171f7f04d3eb56347cfff6e3d47a2d4c1a7815e7c506aa063694c2a01227d28f6cd68b94b83481c
SERVER_TRAFFIC_SECRET_0 10ab2fac8bfdac2446f7bf7574b6c3c2786c9e486f1bd9109797baea567cef38 180f501f1ca7d7201002a7d3d6c362da574853415bf015cdf39b6315a03222c90ab526bb5571da3cae9abbcdd2085ec0
CLIENT_TRAFFIC_SECRET_0 10ab2fac8bfdac2446f7bf7574b6c3c2786c9e486f1bd9109797baea567cef38 6957efb6cc1f9a99f8951b5961110c6703781f057b44b5df077825e7e6df0210d883465cf3f154d4469766894ff61165
